ľÜľř·ĂÎĘˇŁ
[WARNING] 
[WARNING] Some problems were encountered while building the effective settings
[WARNING] Unrecognised tag: 'mirror' (position: START_TAG seen ...</localRepository>\n  <mirror>... @57:11)  @ D:\developApp\apache-maven-3.9.12\conf\settings.xml, line 57, column 11
[WARNING] 
[INFO] Scanning for projects...
[INFO] 
[INFO] ----------------------< com.hmdp:hmdp-ai-service >----------------------
[INFO] Building hmdp-ai-service 0.0.1-SNAPSHOT
[INFO]   from pom.xml
[INFO] --------------------------------[ jar ]---------------------------------
[INFO] 
[INFO] >>> spring-boot:3.3.5:run (default-cli) > test-compile @ hmdp-ai-service >>>
[INFO] 
[INFO] --- resources:3.3.1:resources (default-resources) @ hmdp-ai-service ---
[INFO] Copying 1 resource from src\main\resources to target\classes
[INFO] Copying 0 resource from src\main\resources to target\classes
[INFO] 
[INFO] --- compiler:3.13.0:compile (default-compile) @ hmdp-ai-service ---
[INFO] Nothing to compile - all classes are up to date.
[INFO] 
[INFO] --- resources:3.3.1:testResources (default-testResources) @ hmdp-ai-service ---
[INFO] Not copying test resources
[INFO] 
[INFO] --- compiler:3.13.0:testCompile (default-testCompile) @ hmdp-ai-service ---
[INFO] Not compiling test sources
[INFO] 
[INFO] <<< spring-boot:3.3.5:run (default-cli) < test-compile @ hmdp-ai-service <<<
[INFO] 
[INFO] 
[INFO] --- spring-boot:3.3.5:run (default-cli) @ hmdp-ai-service ---
[INFO] Attaching agents: []

  .   ____          _            __ _ _
 /\\ / ___'_ __ _ _(_)_ __  __ _ \ \ \ \
( ( )\___ | '_ | '_| | '_ \/ _` | \ \ \ \
 \\/  ___)| |_)| | | | | || (_| |  ) ) ) )
  '  |____| .__|_| |_|_| |_\__, | / / / /
 =========|_|==============|___/=/_/_/_/

 :: Spring Boot ::                (v3.3.5)

2026-03-26T23:58:14.733+08:00  INFO 52952 --- [hmdp-ai-service] [           main] com.hmdp.ai.HmdpAiServiceApplication     : Starting HmdpAiServiceApplication using Java 17 with PID 52952 (C:\Users\xwj\OneDrive\Documents\New project\hmdp-ai-service\target\classes started by xwj in C:\Users\xwj\OneDrive\Documents\New project\hmdp-ai-service)
2026-03-26T23:58:14.736+08:00  INFO 52952 --- [hmdp-ai-service] [           main] com.hmdp.ai.HmdpAiServiceApplication     : No active profile set, falling back to 1 default profile: "default"
2026-03-26T23:58:23.613+08:00  INFO 52952 --- [hmdp-ai-service] [           main] o.s.b.w.embedded.tomcat.TomcatWebServer  : Tomcat initialized with port 18090 (http)
2026-03-26T23:58:23.624+08:00  INFO 52952 --- [hmdp-ai-service] [           main] o.apache.catalina.core.StandardService   : Starting service [Tomcat]
2026-03-26T23:58:23.624+08:00  INFO 52952 --- [hmdp-ai-service] [           main] o.apache.catalina.core.StandardEngine    : Starting Servlet engine: [Apache Tomcat/10.1.31]
2026-03-26T23:58:23.697+08:00  INFO 52952 --- [hmdp-ai-service] [           main] o.a.c.c.C.[Tomcat].[localhost].[/]       : Initializing Spring embedded WebApplicationContext
2026-03-26T23:58:23.703+08:00  INFO 52952 --- [hmdp-ai-service] [           main] w.s.c.ServletWebServerApplicationContext : Root WebApplicationContext: initialization completed in 8930 ms
2026-03-26T23:58:24.343+08:00  INFO 52952 --- [hmdp-ai-service] [           main] o.s.b.w.embedded.tomcat.TomcatWebServer  : Tomcat started on port 18090 (http) with context path '/'
2026-03-26T23:58:24.350+08:00  INFO 52952 --- [hmdp-ai-service] [           main] com.hmdp.ai.HmdpAiServiceApplication     : Started HmdpAiServiceApplication in 9.986 seconds (process running for 10.279)
